<?xml version="1.0" encoding="UTF-8"?>
<!-- Generated by org.testng.reporters.JUnitReportReporter -->
<testsuite hostname="Chaitanya" failures="0" tests="1" name="automationframework.ATB6XWeb.NegativeTC" time="17.743" errors="0" timestamp="28 Jul 2024 13:27:36 GMT" skipped="0">
  <testcase classname="automationframework.ATB6XWeb.NegativeTC" name="invalidLogin" time="17.743"/>
</testsuite> <!-- automationframework.ATB6XWeb.NegativeTC -->
