<?xml version="1.0" encoding="UTF-8"?>
<!-- Generated by org.testng.reporters.JUnitReportReporter -->
<testsuite hostname="Chaitanya" failures="0" tests="1" name="automationframework.ATB6XWeb.TestLogin" time="13.055" errors="0" timestamp="28 Jul 2024 12:00:52 GMT" skipped="0">
  <testcase classname="automationframework.ATB6XWeb.TestLogin" name="SampleTest" time="13.055"/>
</testsuite> <!-- automationframework.ATB6XWeb.TestLogin -->
