<?xml version="1.0" encoding="UTF-8"?>
<!-- Generated by org.testng.reporters.JUnitReportReporter -->
<testsuite hostname="Chaitanya" failures="0" tests="1" name="automationframework.ATB6XWeb.NegativeTC" time="14.578" errors="0" timestamp="30 Jul 2024 14:59:33 GMT" skipped="0">
  <testcase classname="automationframework.ATB6XWeb.NegativeTC" name="invalidLogin" time="14.578"/>
</testsuite> <!-- automationframework.ATB6XWeb.NegativeTC -->
